<?xml version="1.0" encoding="UTF-8"?>
<!-- Generated by org.testng.reporters.JUnitReportReporter -->
<testsuite hostname="support5" name="samples.Areaofcircle" tests="1" failures="0" timestamp="31 May 2017 06:18:35 GMT" time="0.038" errors="0">
  <testcase name="test" time="0.038" classname="samples.Areaofcircle"/>
</testsuite> <!-- samples.Areaofcircle -->
